Log file open, 09/13/19 12:45:35
LogWindows: Failed to load 'aqProf.dll' (GetLastError=126)
LogWindows: File 'aqProf.dll' does not exist
LogWindows: Failed to load 'VSPerf140.dll' (GetLastError=126)
LogWindows: File 'VSPerf140.dll' does not exist
LogWindows: Failed to load 'VtuneApi.dll' (GetLastError=126)
LogWindows: File 'VtuneApi.dll' does not exist
LogWindows: Failed to load 'VtuneApi32e.dll' (GetLastError=126)
LogWindows: File 'VtuneApi32e.dll' does not exist
LogInit: Display: Running engine for game: SP_001
LogPlatformFile: Not using cached read wrapper
LogTaskGraph: Started task graph with 5 named threads and 47 total threads with 3 sets of task threads.
LogStats: Stats thread started at 0.521762
LogD3D11RHI: Loaded GFSDK_Aftermath_Lib.x64.dll
LogWindows: Failed to load '../../../Engine/Binaries/ThirdParty/nvTextureTools/Win64/nvtt_64.dll' (GetLastError=126)
LogWindows:   Missing import: MSVCR120.dll
LogWindows:   Looked in: ../../../Engine/Binaries/Win64
LogWindows:   Looked in: ../../../../../Senior Project/seniorProject/SP_001/Binaries/Win64
LogWindows:   Looked in: J:\Senior Project\seniorProject\SP_001\Binaries\Win64
LogICUInternationalization: Display: ICU TimeZone Detection - Raw Offset: -5:00, Platform Override: ''
LogPluginManager: Mounting plugin Paper2D
LogPluginManager: Mounting plugin AISupport
LogPluginManager: Mounting plugin LightPropagationVolume
LogPluginManager: Mounting plugin CLionSourceCodeAccess
LogPluginManager: Mounting plugin CodeLiteSourceCodeAccess
LogPluginManager: Mounting plugin GitSourceControl
LogPluginManager: Mounting plugin KDevelopSourceCodeAccess
LogPluginManager: Mounting plugin NullSourceCodeAccess
LogPluginManager: Mounting plugin PerforceSourceControl
LogPluginManager: Mounting plugin SubversionSourceControl
LogPluginManager: Mounting plugin UObjectPlugin
LogPluginManager: Mounting plugin VisualStudioCodeSourceCodeAccess
LogPluginManager: Mounting plugin VisualStudioSourceCodeAccess
LogPluginManager: Mounting plugin XCodeSourceCodeAccess
LogPluginManager: Mounting plugin AssetManagerEditor
LogPluginManager: Mounting plugin CryptoKeys
LogPluginManager: Mounting plugin DataValidation
LogPluginManager: Mounting plugin FacialAnimation
LogPluginManager: Mounting plugin GameplayTagsEditor
LogPluginManager: Mounting plugin MacGraphicsSwitching
LogPluginManager: Mounting plugin MeshEditor
LogPluginManager: Mounting plugin MobileLauncherProfileWizard
LogPluginManager: Mounting plugin PluginBrowser
LogPluginManager: Mounting plugin SpeedTreeImporter
LogPluginManager: Mounting plugin DatasmithContent
LogPluginManager: Mounting plugin AlembicImporter
LogPluginManager: Mounting plugin AppleImageUtils
LogPluginManager: Mounting plugin AppleVision
LogPluginManager: Mounting plugin BackChannel
LogPluginManager: Mounting plugin CharacterAI
LogPluginManager: Mounting plugin GeometryCache
LogPluginManager: Mounting plugin HTML5Networking
LogPluginManager: Mounting plugin ProxyLODPlugin
LogPluginManager: Mounting plugin MagicLeap
LogPluginManager: Mounting plugin MagicLeapEmulator
LogPluginManager: Mounting plugin MagicLeapMedia
LogPluginManager: Mounting plugin AndroidMedia
LogPluginManager: Mounting plugin AvfMedia
LogPluginManager: Mounting plugin ImgMedia
LogPluginManager: Mounting plugin LinearTimecode
LogPluginManager: Mounting plugin MediaCompositing
LogPluginManager: Mounting plugin MediaPlayerEditor
LogPluginManager: Mounting plugin WmfMedia
LogPluginManager: Mounting plugin TcpMessaging
LogPluginManager: Mounting plugin UdpMessaging
LogPluginManager: Mounting plugin ActorSequence
LogPluginManager: Mounting plugin LevelSequenceEditor
LogPluginManager: Mounting plugin MatineeToLevelSequence
LogPluginManager: Mounting plugin NetcodeUnitTest
LogPluginManager: Mounting plugin NUTUnrealEngine4
LogPluginManager: Mounting plugin OnlineSubsystemGooglePlay
LogPluginManager: Mounting plugin OnlineSubsystemIOS
LogPluginManager: Mounting plugin OnlineSubsystem
LogPluginManager: Mounting plugin OnlineSubsystemNull
LogPluginManager: Mounting plugin OnlineSubsystemUtils
LogPluginManager: Mounting plugin LauncherChunkInstaller
LogPluginManager: Mounting plugin AndroidDeviceProfileSelector
LogPluginManager: Mounting plugin AndroidMoviePlayer
LogPluginManager: Mounting plugin AndroidPermission
LogPluginManager: Mounting plugin AppleMoviePlayer
LogPluginManager: Mounting plugin ArchVisCharacter
LogPluginManager: Mounting plugin AudioCapture
LogPluginManager: Mounting plugin CableComponent
LogPluginManager: Mounting plugin CustomMeshComponent
LogPluginManager: Mounting plugin EditableMesh
LogPluginManager: Mounting plugin ExampleDeviceProfileSelector
LogPluginManager: Mounting plugin GoogleCloudMessaging
LogPluginManager: Mounting plugin ImmediatePhysics
LogPluginManager: Mounting plugin IOSDeviceProfileSelector
LogPluginManager: Mounting plugin LinuxDeviceProfileSelector
LogPluginManager: Mounting plugin LocationServicesBPLibrary
LogPluginManager: Mounting plugin MobilePatchingUtils
LogPluginManager: Mounting plugin OculusVR
LogPluginManager: Plugin shader directory ../../../Engine/Plugins/Runtime/Oculus/OculusVR/Shaders found
LogPluginManager: Mapping shader source directory ../../../Engine/Plugins/Runtime/Oculus/OculusVR/Shaders to virtual directory /Plugin/OculusVR
LogPluginManager: Mounting plugin PhysXVehicles
LogPluginManager: Mounting plugin ProceduralMeshComponent
LogPluginManager: Mounting plugin RuntimePhysXCooking
LogPluginManager: Mounting plugin SteamVR
LogPluginManager: Mounting plugin WindowsMoviePlayer
LogStreaming: Display: Took  0.063s to configure plugins.
LogInit: Using libcurl 7.55.1-DEV
LogInit:  - built for x86_64-pc-win32
LogInit:  - supports SSL with OpenSSL/1.0.2h
LogInit:  - supports HTTP deflate (compression) using libz 1.2.8
LogInit:  - other features:
LogInit:      CURL_VERSION_SSL
LogInit:      CURL_VERSION_LIBZ
LogInit:      CURL_VERSION_IPV6
LogInit:      CURL_VERSION_ASYNCHDNS
LogInit:      CURL_VERSION_LARGEFILE
LogInit:      CURL_VERSION_IDN
LogInit:  CurlRequestOptions (configurable via config and command line):
LogInit:  - bVerifyPeer = false  - Libcurl will NOT verify peer certificate
LogInit:  - bUseHttpProxy = false  - Libcurl will NOT use HTTP proxy
LogInit:  - bDontReuseConnections = false  - Libcurl will reuse connections
LogInit:  - CertBundlePath = nullptr  - Libcurl will use whatever was configured at build time.
LogInit:  - MaxHostConnections = 16  - Libcurl will limit the number of connections to a host
LogInit:  - LocalHostAddr = Default
LogInit:  - BufferSize = 65536
LogInit: WinSock: version 1.1 (2.2), MaxSocks=32767, MaxUdp=65467
LogInit: Build: ++UE4+Release-4.20-CL-4369336
LogInit: Engine Version: 4.20.3-4369336+++UE4+Release-4.20
LogInit: Compatible Engine Version: 4.20.0-4212847+++UE4+Release-4.20
LogInit: Net CL: 4212847
LogInit: OS: Windows 10 (), CPU: Intel(R) Core(TM) i9-9900K CPU @ 3.60GHz, GPU: NVIDIA GeForce GTX 980
LogInit: Compiled (64-bit): Sep 17 2018 12:26:19
LogInit: Compiled with Visual C++: 19.13.26129.00
LogInit: Build Configuration: Development
LogInit: Branch Name: ++UE4+Release-4.20
LogInit: Command Line: 
LogInit: Base Directory: J:/Unreal Engine/UE_4.20/Engine/Binaries/Win64/
LogInit: Installed Engine Build: 1
LogDevObjectVersion: Number of dev versions registered: 20
LogDevObjectVersion:   Dev-Blueprints (B0D832E4-1F89-4F0D-ACCF-7EB736FD4AA2): 10
LogDevObjectVersion:   Dev-Build (E1C64328-A22C-4D53-A36C-8E866417BD8C): 0
LogDevObjectVersion:   Dev-Core (375EC13C-06E4-48FB-B500-84F0262A717E): 2
LogDevObjectVersion:   Dev-Editor (E4B068ED-F494-42E9-A231-DA0B2E46BB41): 24
LogDevObjectVersion:   Dev-Framework (CFFC743F-43B0-4480-9391-14DF171D2073): 34
LogDevObjectVersion:   Dev-Mobile (B02B49B5-BB20-44E9-A304-32B752E40360): 2
LogDevObjectVersion:   Dev-Networking (A4E4105C-59A1-49B5-A7C5-40C4547EDFEE): 0
LogDevObjectVersion:   Dev-Online (39C831C9-5AE6-47DC-9A44-9C173E1C8E7C): 0
LogDevObjectVersion:   Dev-Physics (78F01B33-EBEA-4F98-B9B4-84EACCB95AA2): 0
LogDevObjectVersion:   Dev-Platform (6631380F-2D4D-43E0-8009-CF276956A95A): 0
LogDevObjectVersion:   Dev-Rendering (12F88B9F-8875-4AFC-A67C-D90C383ABD29): 26
LogDevObjectVersion:   Dev-Sequencer (7B5AE74C-D270-4C10-A958-57980B212A5A): 9
LogDevObjectVersion:   Dev-VR (D7296918-1DD6-4BDD-9DE2-64A83CC13884): 2
LogDevObjectVersion:   Dev-LoadTimes (C2A15278-BFE7-4AFE-6C17-90FF531DF755): 1
LogDevObjectVersion:   Private-Geometry (6EACA3D4-40EC-4CC1-B786-8BED09428FC5): 3
LogDevObjectVersion:   Dev-AnimPhys (29E575DD-E0A3-4627-9D10-D276232CDCEA): 17
LogDevObjectVersion:   Dev-ReflectionCapture (6B266CEC-1EC7-4B8F-A30B-E4D90942FC07): 1
LogDevObjectVersion:   Dev-Automation (0DF73D61-A23F-47EA-B727-89E90C41499A): 1
LogDevObjectVersion:   FortniteMain (601D1886-AC64-4F84-AA16-D3DE0DEAC7D6): 12
LogDevObjectVersion:   Dev-Enterprise (9DFFBCD6-494F-0158-E221-12823C92A888): 1
LogStreaming: Display: Took  0.000s to delete old logs.
LogInit: Presizing for max 8388607 objects, including 0 objects not considered by GC, pre-allocating 0 bytes for permanent pool.
LogInit: Object subsystem initialized
[2019.09.13-16.45.36:063][  0]LogInit: Selected Device Profile: [Windows]
[2019.09.13-16.45.36:063][  0]LogInit: Applying CVar settings loaded from the selected device profile: [Windows]
[2019.09.13-16.45.36:068][  0]LogHAL: Display: Platform has ~ 32 GB [34289106944 / 34359738368 / 32], which maps to Largest [LargestMinGB=32, LargerMinGB=12, DefaultMinGB=8, SmallerMinGB=6, SmallestMinGB=0)
[2019.09.13-16.45.36:068][  0]LogInit: Setting Device Profile CVar: [[r.Vulkan.UseRealUBs:1]]
[2019.09.13-16.45.36:068][  0]LogInit: Going up to parent DeviceProfile []
[2019.09.13-16.45.36:068][  0]LogInit: Computer: BRAEDEN-PC
[2019.09.13-16.45.36:068][  0]LogInit: User: Braeden
[2019.09.13-16.45.36:068][  0]LogInit: CPU Page size=4096, Cores=8
[2019.09.13-16.45.36:068][  0]LogInit: High frequency timer resolution =10.000000 MHz
[2019.09.13-16.45.36:068][  0]LogMemory: Memory total: Physical=31.9GB (32GB approx)
[2019.09.13-16.45.36:068][  0]LogMemory: Platform Memory Stats for Windows
[2019.09.13-16.45.36:068][  0]LogMemory: Process Physical Memory: 102.73 MB used, 102.74 MB peak
[2019.09.13-16.45.36:068][  0]LogMemory: Process Virtual Memory: 91.00 MB used, 91.00 MB peak
[2019.09.13-16.45.36:068][  0]LogMemory: Physical Memory: 13365.16 MB used,  19335.48 MB free, 32700.64 MB total
[2019.09.13-16.45.36:068][  0]LogMemory: Virtual Memory: 4660.40 MB used,  19335.48 MB free, 134217728.00 MB total
[2019.09.13-16.45.36:083][  0]LogInit: Using OS detected language (en-US).
[2019.09.13-16.45.36:083][  0]LogInit: Using OS detected locale (en-US).
[2019.09.13-16.45.36:083][  0]LogTextLocalizationManager: No specific localization for 'en-US' exists, so the 'en' localization will be used.
[2019.09.13-16.45.36:332][  0]LogStreaming: Display: Took  0.249s to InitEngineTextLocalization.
[2019.09.13-16.45.36:332][  0]LogInit: Setting process to per monitor DPI aware
[2019.09.13-16.45.36:371][  0]LogSlate: New Slate User Created.  User Index 0, Is Virtual User: 0
[2019.09.13-16.45.36:371][  0]LogSlate: Slate User Registered.  User Index 0, Is Virtual User: 0
[2019.09.13-16.45.36:515][  0]LogHMD: Failed to initialize OpenVR with code 100
[2019.09.13-16.45.36:515][  0]LogD3D11RHI: D3D11 adapters:
[2019.09.13-16.45.36:567][  0]LogD3D11RHI:    0. 'NVIDIA GeForce GTX 980' (Feature Level 11_0)
[2019.09.13-16.45.36:567][  0]LogD3D11RHI:       4053/0/16350 MB DedicatedVideo/DedicatedSystem/SharedSystem, Outputs:3, VendorId:0x10de
[2019.09.13-16.45.36:569][  0]LogD3D11RHI:    1. 'Microsoft Basic Render Driver' (Feature Level 11_0)
[2019.09.13-16.45.36:569][  0]LogD3D11RHI:       0/0/16350 MB DedicatedVideo/DedicatedSystem/SharedSystem, Outputs:0, VendorId:0x1414
[2019.09.13-16.45.36:569][  0]LogD3D11RHI: Chosen D3D11 Adapter: 0
[2019.09.13-16.45.36:577][  0]LogD3D11RHI: Creating new Direct3DDevice
[2019.09.13-16.45.36:577][  0]LogD3D11RHI:     GPU DeviceId: 0x13c0 (for the marketing name, search the web for "GPU Device Id")
[2019.09.13-16.45.36:577][  0]LogWindows: EnumDisplayDevices:
[2019.09.13-16.45.36:577][  0]LogWindows:    0. 'NVIDIA GeForce GTX 980' (P:1 D:1)
[2019.09.13-16.45.36:577][  0]LogWindows:    1. 'NVIDIA GeForce GTX 980' (P:0 D:1)
[2019.09.13-16.45.36:577][  0]LogWindows:    2. 'NVIDIA GeForce GTX 980' (P:0 D:1)
[2019.09.13-16.45.36:577][  0]LogWindows:    3. 'NVIDIA GeForce GTX 980' (P:0 D:0)
[2019.09.13-16.45.36:578][  0]LogWindows: DebugString: FoundDriverCount:4 
[2019.09.13-16.45.36:578][  0]LogD3D11RHI:     Adapter Name: NVIDIA GeForce GTX 980
[2019.09.13-16.45.36:578][  0]LogD3D11RHI:   Driver Version: 436.15 (internal:26.21.14.3615, unified:436.15)
[2019.09.13-16.45.36:578][  0]LogD3D11RHI:      Driver Date: 8-24-2019
[2019.09.13-16.45.36:578][  0]LogRHI: Texture pool is 2837 MB (70% of 4053 MB)
[2019.09.13-16.45.36:608][  0]LogD3D11RHI: Async texture creation enabled
[2019.09.13-16.45.36:627][  0]LogD3D11RHI: GPU Timing Frequency: 1000.000000 (Debug: 2 1)
[2019.09.13-16.45.36:727][  0]LogShaderCompilers: Guid format shader working directory is -3 characters bigger than the processId version (../../../../../Senior Project/seniorProject/SP_001/Intermediate/Shaders/WorkingDirectory/25876/).
[2019.09.13-16.45.36:727][  0]LogShaderCompilers: Cleaned the shader compiler working directory 'C:/Users/Braeden/AppData/Local/Temp/UnrealShaderWorkingDir/E227FFF24F642C2C56DB1A83D8C9614A/'.
[2019.09.13-16.45.36:936][  0]LogTemp: Display: Loaded TP AllDesktopTargetPlatform
[2019.09.13-16.45.36:945][  0]LogTemp: Display: Loaded TP MacClientTargetPlatform
[2019.09.13-16.45.36:957][  0]LogTemp: Display: Loaded TP MacNoEditorTargetPlatform
[2019.09.13-16.45.36:967][  0]LogTemp: Display: Loaded TP MacServerTargetPlatform
[2019.09.13-16.45.36:977][  0]LogTemp: Display: Loaded TP MacTargetPlatform
[2019.09.13-16.45.36:986][  0]LogTemp: Display: Loaded TP WindowsClientTargetPlatform
[2019.09.13-16.45.36:996][  0]LogTemp: Display: Loaded TP WindowsNoEditorTargetPlatform
[2019.09.13-16.45.37:005][  0]LogTemp: Display: Loaded TP WindowsServerTargetPlatform
[2019.09.13-16.45.37:010][  0]LogTemp: Display: Loaded TP WindowsTargetPlatform
[2019.09.13-16.45.37:063][  0]LogTemp: Display: Loaded TP AndroidTargetPlatform
[2019.09.13-16.45.37:063][  0]LogTemp: Display: Loaded TP AndroidTargetPlatform
[2019.09.13-16.45.37:063][  0]LogTemp: Display: Loaded TP AndroidTargetPlatform
[2019.09.13-16.45.37:063][  0]LogTemp: Display: Loaded TP AndroidTargetPlatform
[2019.09.13-16.45.37:063][  0]LogTemp: Display: Loaded TP AndroidTargetPlatform
[2019.09.13-16.45.37:063][  0]LogTemp: Display: Loaded TP AndroidTargetPlatform
[2019.09.13-16.45.37:063][  0]LogTemp: Display: Loaded TP AndroidTargetPlatform
[2019.09.13-16.45.37:063][  0]LogTemp: Display: Loaded TP AndroidTargetPlatform
[2019.09.13-16.45.37:063][  0]LogTemp: Display: Loaded TP AndroidTargetPlatform
[2019.09.13-16.45.37:063][  0]LogTemp: Display: Loaded TP AndroidTargetPlatform
[2019.09.13-16.45.37:063][  0]LogTemp: Display: Loaded TP AndroidTargetPlatform
[2019.09.13-16.45.37:063][  0]LogTemp: Display: Loaded TP AndroidTargetPlatform
[2019.09.13-16.45.37:063][  0]LogTemp: Display: Loaded TP AndroidTargetPlatform
[2019.09.13-16.45.37:063][  0]LogTemp: Display: Loaded TP AndroidTargetPlatform
[2019.09.13-16.45.37:063][  0]LogTemp: Display: Loaded TP AndroidTargetPlatform
[2019.09.13-16.45.37:063][  0]LogTemp: Display: Loaded TP AndroidTargetPlatform
[2019.09.13-16.45.37:063][  0]LogTemp: Display: Loaded TP AndroidTargetPlatform
[2019.09.13-16.45.37:063][  0]LogTemp: Display: Loaded TP AndroidTargetPlatform
[2019.09.13-16.45.37:064][  0]LogTemp: Display: Loaded TP HTML5TargetPlatform
[2019.09.13-16.45.37:115][  0]LogTemp: Display: Loaded TP IOSTargetPlatform
[2019.09.13-16.45.37:115][  0]LogTemp: Display: Loaded TP IOSTargetPlatform
[2019.09.13-16.45.37:131][  0]LogTemp: Display: Loaded TP TVOSTargetPlatform
[2019.09.13-16.45.37:131][  0]LogTemp: Display: Loaded TP TVOSTargetPlatform
[2019.09.13-16.45.37:140][  0]LogTemp: Display: Loaded TP LinuxClientTargetPlatform
[2019.09.13-16.45.37:148][  0]LogTemp: Display: Loaded TP LinuxNoEditorTargetPlatform
[2019.09.13-16.45.37:157][  0]LogTemp: Display: Loaded TP LinuxServerTargetPlatform
[2019.09.13-16.45.37:165][  0]LogTemp: Display: Loaded TP LinuxTargetPlatform
[2019.09.13-16.45.37:171][  0]LogTemp: Display: Loaded TP LuminTargetPlatform
[2019.09.13-16.45.37:171][  0]LogTargetPlatformManager: Display: Building Assets For Windows
[2019.09.13-16.45.37:207][  0]LogXGEController: Cannot use XGE Controller as Incredibuild is not installed on this machine.
[2019.09.13-16.45.37:207][  0]LogShaderCompilers: Cannot use XGE Shader Compiler as Incredibuild is not installed on this machine.
[2019.09.13-16.45.37:207][  0]LogShaderCompilers: Display: Using Local Shader Compiler.
[2019.09.13-16.45.37:713][  0]LogDerivedDataCache: Display: Max Cache Size: 512 MB
[2019.09.13-16.45.37:752][  0]LogDerivedDataCache: Loaded boot cache 0.04s 71MB C:/Users/Braeden/AppData/Local/UnrealEngine/4.20/DerivedDataCache/Boot.ddc.
[2019.09.13-16.45.37:753][  0]LogDerivedDataCache: Display: Loaded Boot cache: C:/Users/Braeden/AppData/Local/UnrealEngine/4.20/DerivedDataCache/Boot.ddc
[2019.09.13-16.45.37:753][  0]LogDerivedDataCache: FDerivedDataBackendGraph:  Pak pak cache file ../../../../../Senior Project/seniorProject/SP_001/DerivedDataCache/DDC.ddp not found, will not use a pak cache.
[2019.09.13-16.45.37:753][  0]LogDerivedDataCache: Unable to find inner node Pak for hierarchical cache Hierarchy.
[2019.09.13-16.45.37:753][  0]LogDerivedDataCache: FDerivedDataBackendGraph:  CompressedPak pak cache file ../../../../../Senior Project/seniorProject/SP_001/DerivedDataCache/Compressed.ddp not found, will not use a pak cache.
[2019.09.13-16.45.37:753][  0]LogDerivedDataCache: Unable to find inner node CompressedPak for hierarchical cache Hierarchy.
[2019.09.13-16.45.37:763][  0]LogDerivedDataCache: Display: Pak cache opened for reading ../../../Engine/DerivedDataCache/Compressed.ddp.
[2019.09.13-16.45.37:775][  0]LogDerivedDataCache: Using Local data cache path C:/Users/Braeden/AppData/Local/UnrealEngine/Common/DerivedDataCache: Writable
[2019.09.13-16.45.37:775][  0]LogDerivedDataCache: Shared data cache path not found in *engine.ini, will not use an Shared cache.
[2019.09.13-16.45.37:775][  0]LogDerivedDataCache: Unable to find inner node Shared for hierarchical cache Hierarchy.
[2019.09.13-16.45.37:787][  0]LogMaterial: Verifying Global Shaders for PCD3D_SM5
[2019.09.13-16.45.37:788][  0]LogSlate: Using FreeType 2.6.0
[2019.09.13-16.45.37:789][  0]LogSlate: SlateFontServices - WITH_FREETYPE: 1, WITH_HARFBUZZ: 1
[2019.09.13-16.45.37:850][  0]LogAssetRegistry: FAssetRegistry took 0.0250 seconds to start up
[2019.09.13-16.45.38:059][  0]LogInit: Selected Device Profile: [Windows]
[2019.09.13-16.45.38:145][  0]LogSimplygon: Simplygon DLL not present - disabling.
[2019.09.13-16.45.38:146][  0]LogMeshReduction: Using SimplygonSwarm for distributed automatic mesh merging
[2019.09.13-16.45.38:146][  0]LogMeshReduction: Using ProxyLODMeshReduction for automatic mesh merging
[2019.09.13-16.45.38:146][  0]LogMeshReduction: Using QuadricMeshReduction for automatic static mesh reduction
[2019.09.13-16.45.38:146][  0]LogMeshReduction: No automatic skeletal mesh reduction module available
[2019.09.13-16.45.38:167][  0]LogNetVersion: SP_001 1.0.0, NetCL: 4212847, EngineNetVer: 5, GameNetVer: 0 (Checksum: 3648971250)
[2019.09.13-16.45.38:485][  0]LogPackageLocalizationCache: Processed 11 localized package path(s) for 2 prioritized culture(s) in 0.043681 seconds
[2019.09.13-16.45.38:489][  0]LogUObjectArray: 38425 objects as part of root set at end of initial load.
[2019.09.13-16.45.38:489][  0]LogUObjectAllocator: 6690872 out of 0 bytes used by permanent object pool.
[2019.09.13-16.45.38:489][  0]LogUObjectArray: CloseDisregardForGC: 0/0 objects in disregard for GC pool
[2019.09.13-16.45.39:109][  0]LogTcpMessaging: Initializing TcpMessaging bridge
[2019.09.13-16.45.39:122][  0]LogUdpMessaging: Initializing bridge on interface 0.0.0.0:0 to multicast group 230.0.0.1:6666.
[2019.09.13-16.45.39:242][  0]SourceControl: Source control is disabled
[2019.09.13-16.45.39:242][  0]SourceControl: Source control is disabled
[2019.09.13-16.45.39:243][  0]SourceControl: Source control is disabled
[2019.09.13-16.45.39:244][  0]SourceControl: Source control is disabled
[2019.09.13-16.45.39:374][  0]LogAndroidPermission: UAndroidPermissionCallbackProxy::GetInstance
[2019.09.13-16.45.39:503][  0]LogOcInput: OculusInput pre-init called
[2019.09.13-16.45.39:547][  0]LogEngine: Initializing Engine...
[2019.09.13-16.45.39:548][  0]LogHMD: Failed to initialize OpenVR with code 100
[2019.09.13-16.45.39:549][  0]LogStats: UGameplayTagsManager::ConstructGameplayTagTree: ImportINI prefixes -  0.000 s
[2019.09.13-16.45.39:549][  0]LogStats: UGameplayTagsManager::ConstructGameplayTagTree: Construct from data asset -  0.000 s
[2019.09.13-16.45.39:549][  0]LogStats: UGameplayTagsManager::ConstructGameplayTagTree: ImportINI -  0.000 s
[2019.09.13-16.45.39:549][  0]LogStats: UGameplayTagsManager::ConstructGameplayTagTree: GameplayTagTreeChangedEvent.Broadcast -  0.000 s
[2019.09.13-16.45.39:692][  0]LogInit: Initializing FReadOnlyCVARCache
[2019.09.13-16.45.39:700][  0]LogAIModule: Creating AISystem for world Untitled
[2019.09.13-16.45.39:761][  0]LogInit: XAudio2 using 'Speakers (Realtek(R) Audio)' : 2 channels at 48 kHz using 32 bits per sample (channel mask 0x3)
[2019.09.13-16.45.39:785][  0]LogInit: FAudioDevice initialized.
[2019.09.13-16.45.39:785][  0]LogNetVersion: Set ProjectVersion to 1.0.0.0. Version Checksum will be recalculated on next use.
[2019.09.13-16.45.39:896][  0]LogDerivedDataCache: Saved boot cache 0.11s 71MB C:/Users/Braeden/AppData/Local/UnrealEngine/4.20/DerivedDataCache/Boot.ddc.
[2019.09.13-16.45.39:901][  0]LogInit: Texture streaming: Enabled
[2019.09.13-16.45.39:913][  0]LogEngineSessionManager: EngineSessionManager initialized
[2019.09.13-16.45.39:913][  0]LogEngineSessionManager: EngineSessionManager sent abnormal shutdown report. Type=Crashed, SessionId={946B9610-4083-434C-EE3A-7BAAA4A334DD}
[2019.09.13-16.45.39:924][  0]LogInit: Transaction tracking system initialized
[2019.09.13-16.45.39:937][  0]BlueprintLog: New page: Editor Load
[2019.09.13-16.45.39:984][  0]LocalizationService: Localization service is disabled
[2019.09.13-16.45.40:179][  0]LogCook: Display: Max memory allowance for cook 16384mb min free memory 0mb
[2019.09.13-16.45.40:179][  0]LogCook: Display: Mobile HDR setting 1
[2019.09.13-16.45.40:179][  0]LogGameplayTags: Display: UGameplayTagsManager::DoneAddingNativeTags. DelegateIsBound: 0
[2019.09.13-16.45.40:179][  0]LogStats: UGameplayTagsManager::ConstructGameplayTagTree: ImportINI prefixes -  0.000 s
[2019.09.13-16.45.40:179][  0]LogStats: UGameplayTagsManager::ConstructGameplayTagTree: Construct from data asset -  0.000 s
[2019.09.13-16.45.40:179][  0]LogStats: UGameplayTagsManager::ConstructGameplayTagTree: ImportINI -  0.000 s
[2019.09.13-16.45.40:179][  0]LogStats: UGameplayTagsManager::ConstructGameplayTagTree: GameplayTagTreeChangedEvent.Broadcast -  0.000 s
[2019.09.13-16.45.40:251][  0]LogFileCache: Scanning file cache for directory 'J:/Senior Project/seniorProject/SP_001/Content/' took 0.02s
[2019.09.13-16.45.40:251][  0]SourceControl: Source control is disabled
[2019.09.13-16.45.40:251][  0]Cmd: MAP LOAD FILE="../../../../../Senior Project/seniorProject/SP_001/Content/ThirdPersonBP/Maps/ThirdPersonExampleMap.umap" TEMPLATE=0 SHOWPROGRESS=1 FEATURELEVEL=3
[2019.09.13-16.45.40:251][  0]LightingResults: New page: Lighting Build
[2019.09.13-16.45.40:253][  0]MapCheck: New page: Map Check
[2019.09.13-16.45.40:253][  0]LightingResults: New page: Lighting Build
[2019.09.13-16.45.40:806][  0]LogAIModule: Creating AISystem for world ThirdPersonExampleMap
[2019.09.13-16.45.40:821][  0]LogEditorServer: Finished looking for orphan Actors (0.000 secs)
[2019.09.13-16.45.40:843][  0]Cmd: MAP CHECKDEP NOCLEARLOG
[2019.09.13-16.45.40:887][  0]MapCheck: Map check complete: 0 Error(s), 0 Warning(s), took 43.232ms to complete.
[2019.09.13-16.45.40:887][  0]LogFileHelpers: Loading map 'ThirdPersonExampleMap' took 0.636
[2019.09.13-16.45.40:999][  0]LogSlate: Updating window title bar state: overlay mode, drag disabled, window buttons hidden, title bar hidden
[2019.09.13-16.45.41:005][  0]LogSlate: Updating window title bar state: overlay mode, drag disabled, window buttons hidden, title bar hidden
[2019.09.13-16.45.41:009][  0]LogSlate: Updating window title bar state: overlay mode, drag disabled, window buttons hidden, title bar hidden
[2019.09.13-16.45.41:015][  0]LogSlate: Updating window title bar state: overlay mode, drag disabled, window buttons hidden, title bar hidden
[2019.09.13-16.45.41:019][  0]LogCollectionManager: Loaded 0 collections in 0.001032 seconds
[2019.09.13-16.45.41:084][  0]LogFileCache: Scanning file cache for directory 'J:/Senior Project/seniorProject/SP_001/Saved/Collections/' took 0.01s
[2019.09.13-16.45.41:085][  0]LogFileCache: Scanning file cache for directory 'J:/Senior Project/seniorProject/SP_001/Content/Developers/Braeden/Collections/' took 0.01s
[2019.09.13-16.45.41:085][  0]LogFileCache: Scanning file cache for directory 'J:/Senior Project/seniorProject/SP_001/Content/Collections/' took 0.01s
[2019.09.13-16.45.41:085][  0]LogCollectionManager: Rebuilt the GUID cache for 0 collections in 0.000000 seconds
[2019.09.13-16.45.41:091][  0]LogContentBrowser: Native class hierarchy populated in 0.0067 seconds. Added 2572 classes and 603 folders.
[2019.09.13-16.45.41:096][  0]LogContentBrowser: Native class hierarchy updated for 'WidgetCarousel' in 0.0006 seconds. Added 0 classes and 0 folders.
[2019.09.13-16.45.41:136][  0]LogContentBrowser: Native class hierarchy updated for 'AddContentDialog' in 0.0007 seconds. Added 0 classes and 0 folders.
[2019.09.13-16.45.41:139][  0]LogContentBrowser: Native class hierarchy updated for 'SceneOutliner' in 0.0006 seconds. Added 1 classes and 2 folders.
[2019.09.13-16.45.41:191][  0]LogSlate: Took 0.000135 seconds to synchronously load lazily loaded font '../../../Engine/Content/Slate/Fonts/Roboto-Regular.ttf' (155K)
[2019.09.13-16.45.41:192][  0]LogSlate: Took 0.000109 seconds to synchronously load lazily loaded font '../../../Engine/Content/Slate/Fonts/Roboto-Bold.ttf' (160K)
[2019.09.13-16.45.41:196][  0]LogSlate: Took 0.000158 seconds to synchronously load lazily loaded font '../../../Engine/Content/Editor/Slate/Fonts/FontAwesome.ttf' (139K)
[2019.09.13-16.45.41:250][  0]LogRenderer: Reallocating scene render targets to support 1208x576 Format 10 NumSamples 1 (Frame:1).
[2019.09.13-16.45.41:290][  0]LogSlate: Took 0.000148 seconds to synchronously load lazily loaded font '../../../Engine/Content/Slate/Fonts/Roboto-Light.ttf' (167K)
[2019.09.13-16.45.41:357][  0]LogContentBrowser: Native class hierarchy updated for 'HierarchicalLODOutliner' in 0.0007 seconds. Added 0 classes and 0 folders.
[2019.09.13-16.45.41:357][  0]LogLoad: (Engine Initialization) Total time: 7.16 seconds
[2019.09.13-16.45.41:357][  0]LogLoad: (Engine Initialization) Total Blueprint compile time: 0.00 seconds
[2019.09.13-16.45.41:388][  0]LogAssetRegistry: Asset discovery search completed in 3.5610 seconds
[2019.09.13-16.45.41:389][  0]LogCollectionManager: Rebuilt the object cache for 0 collections in 0.000000 seconds (found 0 objects)
[2019.09.13-16.45.41:389][  0]LogCollectionManager: Fixed up redirectors for 0 collections in 0.000037 seconds (updated 0 objects)
[2019.09.13-16.45.41:390][  0]LogContentStreaming: Texture pool size now 1000 MB
[2019.09.13-16.45.42:388][106]LogSlate: Took 0.000147 seconds to synchronously load lazily loaded font '../../../Engine/Content/Slate/Fonts/Roboto-Light.ttf' (167K)
[2019.09.13-16.45.43:113][186]LogSlate: FSceneViewport::OnFocusLost() reason 0
[2019.09.13-16.46.03:230][198]LogFactory: FactoryCreateFile: Texture with ReimportTextureFactory (0 0 J:\Senior Project\UI_testPNG2.png)
[2019.09.13-16.46.03:262][198]LogTexture: Display: Building textures: UI_testPNG2 (AutoDXT, 1920X1080)
[2019.09.13-16.46.04:116][198]LogThreadingWindows: Error: Runnable thread PoolThread 29 crashed.
[2019.09.13-16.46.04:116][198]LogWindows: Error: === Critical error: ===
[2019.09.13-16.46.04:116][198]LogWindows: Error: 
[2019.09.13-16.46.04:116][198]LogWindows: Error: Fatal error!
[2019.09.13-16.46.04:116][198]LogWindows: Error: 
[2019.09.13-16.46.04:116][198]LogWindows: Error: Unhandled Exception: 0xc06d007e
[2019.09.13-16.46.04:116][198]LogWindows: Error: 
[2019.09.13-16.46.04:116][198]LogWindows: Error: [Callstack] 0x00007ffe9c489129 KERNELBASE.dll!UnknownFunction []
[2019.09.13-16.46.04:116][198]LogWindows: Error: [Callstack] 0x00007ffdebbe75c1 UE4Editor-TextureFormatDXT.dll!UnknownFunction []
[2019.09.13-16.46.04:116][198]LogWindows: Error: [Callstack] 0x00007ffdebbe5539 UE4Editor-TextureFormatDXT.dll!UnknownFunction []
[2019.09.13-16.46.04:116][198]LogWindows: Error: [Callstack] 0x00007ffdebbe2180 UE4Editor-TextureFormatDXT.dll!UnknownFunction []
[2019.09.13-16.46.04:116][198]LogWindows: Error: [Callstack] 0x00007ffdebbe3b4d UE4Editor-TextureFormatDXT.dll!UnknownFunction []
[2019.09.13-16.46.04:116][198]LogWindows: Error: [Callstack] 0x00007ffdebbe326f UE4Editor-TextureFormatDXT.dll!UnknownFunction []
[2019.09.13-16.46.04:116][198]LogWindows: Error: [Callstack] 0x00007ffdeec6c00b UE4Editor-TextureCompressor.dll!UnknownFunction []
[2019.09.13-16.46.04:116][198]LogWindows: Error: [Callstack] 0x00007ffdeec6ba9e UE4Editor-TextureCompressor.dll!UnknownFunction []
[2019.09.13-16.46.04:116][198]LogWindows: Error: [Callstack] 0x00007ffe036638b5 UE4Editor-Core.dll!UnknownFunction []
[2019.09.13-16.46.04:116][198]LogWindows: Error: [Callstack] 0x00007ffe039d6b7c UE4Editor-Core.dll!UnknownFunction []
[2019.09.13-16.46.04:116][198]LogWindows: Error: [Callstack] 0x00007ffe039d17c7 UE4Editor-Core.dll!UnknownFunction []
[2019.09.13-16.46.04:116][198]LogWindows: Error: [Callstack] 0x00007ffe9dd97974 KERNEL32.DLL!UnknownFunction []
[2019.09.13-16.46.04:116][198]LogWindows: Error: [Callstack] 0x00007ffe9f8aa271 ntdll.dll!UnknownFunction []
[2019.09.13-16.46.04:116][198]LogWindows: Error: 
[2019.09.13-16.46.04:116][198]LogWindows: Error: Crash in runnable thread PoolThread 29
[2019.09.13-16.46.04:127][198]LogExit: Executing StaticShutdownAfterError
[2019.09.13-16.46.04:127][198]LogWindows: FPlatformMisc::RequestExit(1)
[2019.09.13-16.46.04:131][198]Log file closed, 09/13/19 12:46:04
